<?xml version="1.0" encoding="UTF-8"?>
<!-- Generated by org.testng.reporters.JUnitXMLReporter -->
<testsuite hostname="L0176-APS-UMY" ignored="4" name="Default test(failed)(failed)" tests="2" failures="0" timestamp="23 Jan 2019 14:43:44 GMT" time="9.95" errors="0">
  <testcase name="@BeforeMethod launchapp" time="9.872" classname="utilities.BaseTest">
    <failure type="org.openqa.selenium.WebDriverException" message="TypeError: this.curBrowser.contentBrowser is null
Build info: version: &amp;apos;3.11.0&amp;apos;, revision: &amp;apos;e59cfb3&amp;apos;, time: &amp;apos;2018-03-11T20:33:15.31Z&amp;apos;
System info: host: &amp;apos;L0176-APS-UMY&amp;apos;, ip: &amp;apos;192.168.182.1&amp;apos;, os.name: &amp;apos;Windows 7&amp;apos;, os.arch: &amp;apos;x86&amp;apos;, os.version: &amp;apos;6.1&amp;apos;, java.version: &amp;apos;1.8.0_121&amp;apos;
Driver info: org.openqa.selenium.firefox.FirefoxDriver
Capabilities {acceptInsecureCerts: true, browserName: firefox, browserVersion: 64.0.2, javascriptEnabled: true, moz:accessibilityChecks: false, moz:geckodriverVersion: 0.23.0, moz:headless: false, moz:processID: 7220, moz:profile: C:\Users\MM015343\AppData\L..., moz:shutdownTimeout: 60000, moz:useNonSpecCompliantPointerOrigin: false, moz:webdriverClick: true, pageLoadStrategy: normal, platform: WINDOWS, platformName: WINDOWS, platformVersion: 6.1, rotatable: false, setWindowRect: true, timeouts: {implicit: 0, pageLoad: 300000, script: 30000}, unhandledPromptBehavior: dismiss and notify}
Session ID: c7b971f4-525d-45c3-8f55-27441faed578">
      <![CDATA[org.openqa.selenium.WebDriverException: TypeError: this.curBrowser.contentBrowser is null
Build info: version: '3.11.0', revision: 'e59cfb3', time: '2018-03-11T20:33:15.31Z'
System info: host: 'L0176-APS-UMY', ip: '192.168.182.1', os.name: 'Windows 7', os.arch: 'x86', os.version: '6.1', java.version: '1.8.0_121'
Driver info: org.openqa.selenium.firefox.FirefoxDriver
Capabilities {acceptInsecureCerts: true, browserName: firefox, browserVersion: 64.0.2, javascriptEnabled: true, moz:accessibilityChecks: false, moz:geckodriverVersion: 0.23.0, moz:headless: false, moz:processID: 7220, moz:profile: C:\Users\MM015343\AppData\L..., moz:shutdownTimeout: 60000, moz:useNonSpecCompliantPointerOrigin: false, moz:webdriverClick: true, pageLoadStrategy: normal, platform: WINDOWS, platformName: WINDOWS, platformVersion: 6.1, rotatable: false, setWindowRect: true, timeouts: {implicit: 0, pageLoad: 300000, script: 30000}, unhandledPromptBehavior: dismiss and notify}
Session ID: c7b971f4-525d-45c3-8f55-27441faed578
at org.openqa.selenium.remote.http.W3CHttpResponseCodec.createException(W3CHttpResponseCodec.java:187)
at org.openqa.selenium.remote.http.W3CHttpResponseCodec.decode(W3CHttpResponseCodec.java:122)
at org.openqa.selenium.remote.http.W3CHttpResponseCodec.decode(W3CHttpResponseCodec.java:49)
at org.openqa.selenium.remote.HttpCommandExecutor.execute(HttpCommandExecutor.java:158)
at org.openqa.selenium.remote.service.DriverCommandExecutor.execute(DriverCommandExecutor.java:83)
at org.openqa.selenium.remote.RemoteWebDriver.execute(RemoteWebDriver.java:545)
at org.openqa.selenium.remote.RemoteWebDriver.get(RemoteWebDriver.java:273)
at utilities.BaseTest.launchapp(BaseTest.java:25)
... Removed 32 stack frames]]>
    </failure>
  </testcase> <!-- @BeforeMethod launchapp -->
  <testcase name="@AfterMethod closeapp" time="0.0" classname="utilities.BaseTest">
    <skipped/>
  </testcase> <!-- @AfterMethod closeapp -->
  <testcase name="@BeforeMethod launchapp" time="0.0" classname="utilities.BaseTest">
    <skipped/>
  </testcase> <!-- @BeforeMethod launchapp -->
  <testcase name="@AfterMethod closeapp" time="0.0" classname="utilities.BaseTest">
    <skipped/>
  </testcase> <!-- @AfterMethod closeapp -->
  <testcase name="blankenddate" time="0.0" classname="scripts.HomePage">
    <skipped/>
  </testcase> <!-- blankenddate -->
  <testcase name="blankinvalidenddate" time="0.0" classname="scripts.HomePage">
    <skipped/>
  </testcase> <!-- blankinvalidenddate -->
  <testcase name="acheckflights" time="0.0" classname="scripts.HomePage">
    <ignored/>
  </testcase> <!-- acheckflights -->
  <testcase name="blankdestination" time="0.0" classname="scripts.HomePage">
    <ignored/>
  </testcase> <!-- blankdestination -->
  <testcase name="blankstartdate" time="0.0" classname="scripts.HomePage">
    <ignored/>
  </testcase> <!-- blankstartdate -->
  <testcase name="blanksource" time="0.0" classname="scripts.HomePage">
    <ignored/>
  </testcase> <!-- blanksource -->
</testsuite> <!-- Default test(failed)(failed) -->
