<?xml version="1.0" encoding="UTF-8"?>
<!-- Generated by org.testng.reporters.JUnitXMLReporter -->
<testsuite hostname="L0176-APS-UMY" ignored="4" name="Default test(failed)(failed)(failed)" tests="2" failures="2" timestamp="23 Jan 2019 14:44:51 GMT" time="36.107" errors="0">
  <testcase name="blankenddate" time="3.385" classname="scripts.HomePage">
    <failure type="java.lang.AssertionError" message="expected [] but found [Sorry, but we can&amp;apos;t continue until you fix everything that&amp;apos;s marked in RED]">
      <![CDATA[java.lang.AssertionError: expected [] but found [Sorry, but we can't continue until you fix everything that's marked in RED]
at scripts.HomePage.blankenddate(HomePage.java:61)
... Removed 31 stack frames]]>
    </failure>
  </testcase> <!-- blankenddate -->
  <testcase name="blankinvalidenddate" time="3.448" classname="scripts.HomePage">
    <failure type="java.lang.AssertionError" message="expected [] but found [Sorry, but we can&amp;apos;t continue until you fix everything that&amp;apos;s marked in RED]">
      <![CDATA[java.lang.AssertionError: expected [] but found [Sorry, but we can't continue until you fix everything that's marked in RED]
at scripts.HomePage.blankinvalidenddate(HomePage.java:115)
... Removed 31 stack frames]]>
    </failure>
  </testcase> <!-- blankinvalidenddate -->
  <testcase name="acheckflights" time="0.0" classname="scripts.HomePage">
    <ignored/>
  </testcase> <!-- acheckflights -->
  <testcase name="blankdestination" time="0.0" classname="scripts.HomePage">
    <ignored/>
  </testcase> <!-- blankdestination -->
  <testcase name="blankstartdate" time="0.0" classname="scripts.HomePage">
    <ignored/>
  </testcase> <!-- blankstartdate -->
  <testcase name="blanksource" time="0.0" classname="scripts.HomePage">
    <ignored/>
  </testcase> <!-- blanksource -->
</testsuite> <!-- Default test(failed)(failed)(failed) -->
